<?xml version="1.0" encoding="UTF-8"?>
<!-- Generated by org.testng.reporters.JUnitReportReporter -->
<testsuite hostname="DESKTOP-7JL52UO" failures="0" tests="1" name="com.TestRunner.TestRunnerr" time="7.908" errors="0" timestamp="12 Mar 2021 02:59:53 GMT" skipped="0">
  <testcase classname="com.TestRunner.TestRunnerr" name="feature" time="7.908"/>
</testsuite> <!-- com.TestRunner.TestRunnerr -->
